<?xml version="1.0" encoding="UTF-8"?>
<testng-results ignored="0" total="18" passed="18" failed="0" skipped="0">
  <reporter-output>
  </reporter-output>
  <suite started-at="2023-11-03T12:48:49 CST" name="Default suite" finished-at="2023-11-03T12:49:52 CST" duration-ms="62586">
    <groups>
    </groups>
    <test started-at="2023-11-03T12:48:49 CST" name="Default test" finished-at="2023-11-03T12:49:52 CST" duration-ms="62586">
      <class name="midtermProjMain.Main">
        <test-method is-config="true" signature="startServerwithApp()[pri:0, instance:midtermProjMain.Main@557caf28]" started-at="2023-11-03T12:48:49 CST" name="startServerwithApp" finished-at="2023-11-03T12:48:56 CST" duration-ms="7196" status="PASS">
          <reporter-output>
          </reporter-output>
        </test-method> <!-- startServerwithApp -->
        <test-method is-config="true" signature="configReports()[pri:0, instance:midtermProjMain.Main@557caf28]" started-at="2023-11-03T12:48:56 CST" name="configReports" finished-at="2023-11-03T12:48:56 CST" duration-ms="148" status="PASS">
          <reporter-output>
          </reporter-output>
        </test-method> <!-- configReports -->
        <test-method is-config="true" signature="reconfigure()[pri:0, instance:midtermProjMain.Main@557caf28]" started-at="2023-11-03T12:48:56 CST" name="reconfigure" finished-at="2023-11-03T12:48:56 CST" duration-ms="0" status="PASS">
          <reporter-output>
          </reporter-output>
        </test-method> <!-- reconfigure -->
        <test-method signature="waitforSplash()[pri:1, instance:midtermProjMain.Main@557caf28]" started-at="2023-11-03T12:48:56 CST" name="waitforSplash" finished-at="2023-11-03T12:49:01 CST" duration-ms="5090" status="PASS">
          <reporter-output>
          </reporter-output>
        </test-method> <!-- waitforSplash -->
        <test-method signature="generalStoreInitial()[pri:2, instance:midtermProjMain.Main@557caf28]" started-at="2023-11-03T12:49:01 CST" name="generalStoreInitial" finished-at="2023-11-03T12:49:02 CST" duration-ms="257" status="PASS">
          <reporter-output>
          </reporter-output>
        </test-method> <!-- generalStoreInitial -->
        <test-method signature="enterName()[pri:3, instance:midtermProjMain.Main@557caf28]" started-at="2023-11-03T12:49:02 CST" name="enterName" finished-at="2023-11-03T12:49:02 CST" duration-ms="586" status="PASS">
          <reporter-output>
          </reporter-output>
        </test-method> <!-- enterName -->
        <test-method signature="selectCountry()[pri:3, instance:midtermProjMain.Main@557caf28]" started-at="2023-11-03T12:49:02 CST" name="selectCountry" finished-at="2023-11-03T12:49:12 CST" duration-ms="9553" status="PASS">
          <reporter-output>
          </reporter-output>
        </test-method> <!-- selectCountry -->
        <test-method signature="selectGender()[pri:3, instance:midtermProjMain.Main@557caf28]" started-at="2023-11-03T12:49:12 CST" name="selectGender" finished-at="2023-11-03T12:49:12 CST" duration-ms="91" status="PASS">
          <reporter-output>
          </reporter-output>
        </test-method> <!-- selectGender -->
        <test-method signature="shopBegin()[pri:4, instance:midtermProjMain.Main@557caf28]" started-at="2023-11-03T12:49:12 CST" name="shopBegin" finished-at="2023-11-03T12:49:18 CST" duration-ms="5746" status="PASS">
          <reporter-output>
          </reporter-output>
        </test-method> <!-- shopBegin -->
        <test-method signature="returnToMainMenuM()[pri:5, instance:midtermProjMain.Main@557caf28]" started-at="2023-11-03T12:49:18 CST" name="returnToMainMenuM" finished-at="2023-11-03T12:49:18 CST" duration-ms="709" status="PASS">
          <reporter-output>
          </reporter-output>
        </test-method> <!-- returnToMainMenuM -->
        <test-method signature="waitforSplash2()[pri:6, instance:midtermProjMain.Main@557caf28]" started-at="2023-11-03T12:49:18 CST" name="waitforSplash2" finished-at="2023-11-03T12:49:24 CST" duration-ms="5059" status="PASS">
          <reporter-output>
          </reporter-output>
        </test-method> <!-- waitforSplash2 -->
        <test-method signature="generalStoreInitial2()[pri:7, instance:midtermProjMain.Main@557caf28]" started-at="2023-11-03T12:49:24 CST" name="generalStoreInitial2" finished-at="2023-11-03T12:49:24 CST" duration-ms="40" status="PASS">
          <reporter-output>
          </reporter-output>
        </test-method> <!-- generalStoreInitial2 -->
        <test-method signature="enterName2()[pri:8, instance:midtermProjMain.Main@557caf28]" started-at="2023-11-03T12:49:24 CST" name="enterName2" finished-at="2023-11-03T12:49:24 CST" duration-ms="572" status="PASS">
          <reporter-output>
          </reporter-output>
        </test-method> <!-- enterName2 -->
        <test-method signature="selectCountry2()[pri:8, instance:midtermProjMain.Main@557caf28]" started-at="2023-11-03T12:49:24 CST" name="selectCountry2" finished-at="2023-11-03T12:49:37 CST" duration-ms="13206" status="PASS">
          <reporter-output>
          </reporter-output>
        </test-method> <!-- selectCountry2 -->
        <test-method signature="selectGender2()[pri:8, instance:midtermProjMain.Main@557caf28]" started-at="2023-11-03T12:49:37 CST" name="selectGender2" finished-at="2023-11-03T12:49:37 CST" duration-ms="88" status="PASS">
          <reporter-output>
          </reporter-output>
        </test-method> <!-- selectGender2 -->
        <test-method signature="shopBegin2()[pri:8, instance:midtermProjMain.Main@557caf28]" started-at="2023-11-03T12:49:37 CST" name="shopBegin2" finished-at="2023-11-03T12:49:39 CST" duration-ms="1655" status="PASS">
          <reporter-output>
          </reporter-output>
        </test-method> <!-- shopBegin2 -->
        <test-method signature="enterName3()[pri:9, instance:midtermProjMain.Main@557caf28]" started-at="2023-11-03T12:49:39 CST" name="enterName3" finished-at="2023-11-03T12:49:40 CST" duration-ms="568" status="PASS">
          <reporter-output>
          </reporter-output>
        </test-method> <!-- enterName3 -->
        <test-method signature="shopBegin3()[pri:9, instance:midtermProjMain.Main@557caf28]" started-at="2023-11-03T12:49:40 CST" name="shopBegin3" finished-at="2023-11-03T12:49:44 CST" duration-ms="3946" status="PASS">
          <reporter-output>
          </reporter-output>
        </test-method> <!-- shopBegin3 -->
        <test-method signature="scrollAllDown()[pri:10, instance:midtermProjMain.Main@557caf28]" started-at="2023-11-03T12:49:44 CST" name="scrollAllDown" finished-at="2023-11-03T12:49:44 CST" duration-ms="824" status="PASS">
          <reporter-output>
          </reporter-output>
        </test-method> <!-- scrollAllDown -->
        <test-method signature="enterItem()[pri:11, instance:midtermProjMain.Main@557caf28]" started-at="2023-11-03T12:49:44 CST" name="enterItem" finished-at="2023-11-03T12:49:45 CST" duration-ms="701" status="PASS">
          <reporter-output>
          </reporter-output>
        </test-method> <!-- enterItem -->
        <test-method signature="enterCart()[pri:12, instance:midtermProjMain.Main@557caf28]" started-at="2023-11-03T12:49:45 CST" name="enterCart" finished-at="2023-11-03T12:49:50 CST" duration-ms="5171" status="PASS">
          <reporter-output>
          </reporter-output>
        </test-method> <!-- enterCart -->
        <test-method is-config="true" signature="closeReport()[pri:0, instance:midtermProjMain.Main@557caf28]" started-at="2023-11-03T12:49:50 CST" name="closeReport" finished-at="2023-11-03T12:49:51 CST" duration-ms="259" status="PASS">
          <reporter-output>
          </reporter-output>
        </test-method> <!-- closeReport -->
        <test-method is-config="true" signature="returnToMainMenu()[pri:0, instance:midtermProjMain.Main@557caf28]" started-at="2023-11-03T12:49:51 CST" name="returnToMainMenu" finished-at="2023-11-03T12:49:51 CST" duration-ms="694" status="PASS">
          <reporter-output>
          </reporter-output>
        </test-method> <!-- returnToMainMenu -->
        <test-method is-config="true" signature="tearDown()[pri:0, instance:midtermProjMain.Main@557caf28]" started-at="2023-11-03T12:49:51 CST" name="tearDown" finished-at="2023-11-03T12:49:52 CST" duration-ms="374" status="PASS">
          <reporter-output>
          </reporter-output>
        </test-method> <!-- tearDown -->
      </class> <!-- midtermProjMain.Main -->
    </test> <!-- Default test -->
  </suite> <!-- Default suite -->
</testng-results>
